<?xml version="1.0" encoding="UTF-8"?>
<testng-results ignored="0" total="1" passed="1" failed="0" skipped="0">
  <reporter-output>
  </reporter-output>
  <suite started-at="2022-03-27T11:38:22 EDT" name="Default suite" finished-at="2022-03-27T11:38:26 EDT" duration-ms="4611">
    <groups>
    </groups>
    <test started-at="2022-03-27T11:38:22 EDT" name="Default test" finished-at="2022-03-27T11:38:26 EDT" duration-ms="4611">
      <class name="com.store.testcases.ChromeTest">
        <test-method is-config="true" signature="setupClass()[pri:0, instance:com.store.testcases.ChromeTest@2a3b5b47]" started-at="2022-03-27T11:38:22 EDT" name="setupClass" finished-at="2022-03-27T11:38:23 EDT" duration-ms="1707" status="PASS">
          <reporter-output>
          </reporter-output>
        </test-method> <!-- setupClass -->
        <test-method is-config="true" signature="setupTest()[pri:0, instance:com.store.testcases.ChromeTest@2a3b5b47]" started-at="2022-03-27T11:38:23 EDT" name="setupTest" finished-at="2022-03-27T11:38:25 EDT" duration-ms="2186" status="PASS">
          <reporter-output>
          </reporter-output>
        </test-method> <!-- setupTest -->
        <test-method signature="testOne()[pri:0, instance:com.store.testcases.ChromeTest@2a3b5b47]" started-at="2022-03-27T11:38:25 EDT" name="testOne" finished-at="2022-03-27T11:38:26 EDT" duration-ms="565" status="PASS">
          <reporter-output>
          </reporter-output>
        </test-method> <!-- testOne -->
        <test-method is-config="true" signature="tearDown()[pri:0, instance:com.store.testcases.ChromeTest@2a3b5b47]" started-at="2022-03-27T11:38:26 EDT" name="tearDown" finished-at="2022-03-27T11:38:26 EDT" duration-ms="128" status="PASS">
          <reporter-output>
          </reporter-output>
        </test-method> <!-- tearDown -->
      </class> <!-- com.store.testcases.ChromeTest -->
    </test> <!-- Default test -->
  </suite> <!-- Default suite -->
</testng-results>
